<?xml version="1.0" encoding="UTF-8"?>
<!-- Generated by org.testng.reporters.JUnitXMLReporter -->
<testsuite ignored="0" hostname="AFSWWI9CYZ2H4A" failures="0" tests="8" name="Default test" time="2.634" errors="0" timestamp="2023-01-31T14:08:51 CST">
  <testcase classname="com.developerscorner.provider.service.UserServiceTest" name="shouldDeleteAUser" time="0.057"/>
  <testcase classname="com.developerscorner.provider.service.UserServiceTest" name="shouldFindAllUsers" time="0.002"/>
  <testcase classname="com.developerscorner.provider.service.UserServiceTest" name="shouldFindUserByEmail" time="0.007"/>
  <testcase classname="com.developerscorner.provider.service.UserServiceTest" name="shouldFindUserById" time="0.005"/>
  <testcase classname="com.developerscorner.provider.service.UserServiceTest" name="shouldSaveAUser" time="0.02"/>
  <testcase classname="com.developerscorner.provider.service.UserServiceTest" name="shouldThrowNotFoundExceptionIfUserByEmailNotExists" time="0.002"/>
  <testcase classname="com.developerscorner.provider.service.UserServiceTest" name="shouldThrowNotFoundExceptionIfUserByIdNotExists" time="0.002"/>
  <testcase classname="com.developerscorner.provider.service.UserServiceTest" name="shouldUpdateAUser" time="0.004"/>
</testsuite> <!-- Default test -->
